<?xml version="1.0" encoding="UTF-8"?>
<testsuite xmlns:xsi="http://www.w3.org/2001/XMLSchema-instance" xsi:noNamespaceSchemaLocation="https://maven.apache.org/surefire/maven-surefire-plugin/xsd/surefire-test-report-3.0.xsd" version="3.0" name="com.omar.omar.OmarApplicationTests" time="10.1" tests="1" errors="0" skipped="0" failures="0">
  <properties>
[...]
</properties>
  <testcase name="contextLoads" classname="com.omar.omar.OmarApplicationTests" time="0.03">
    <system-out><![CDATA[04:28:33.745 [main] INFO org.springframework.test.context.support.AnnotationConfigContextLoaderUtils -- Could not detect default configuration classes for test class [com.omar.omar.OmarApplicationTests]: OmarApplicationTests does not declare any static, non-private, non-final, nested classes annotated with @Configuration.
04:28:33.892 [main] INFO org.springframework.boot.test.context.SpringBootTestContextBootstrapper -- Found @SpringBootConfiguration com.omar.omar.OmarApplication for test class com.omar.omar.OmarApplicationTests

  .   ____          _            __ _ _
 /\\ / ___'_ __ _ _(_)_ __  __ _ \ \ \ \
( ( )\___ | '_ | '_| | '_ \/ _` | \ \ \ \
 \\/  ___)| |_)| | | | | || (_| |  ) ) ) )
  '  |____| .__|_| |_|_| |_\__, | / / / /
 =========|_|==============|___/=/_/_/_/
 :: Spring Boot ::                (v3.1.3)

2023-09-16T04:28:34.579-05:00  INFO 29516 --- [           main] com.omar.omar.OmarApplicationTests       : Starting OmarApplicationTests using Java 17.0.6 with PID 29516 (started by Omar in C:\Users\omara\Documents\Carpeta Personal\Pruebas\Devsu\omar)
2023-09-16T04:28:34.579-05:00  INFO 29516 --- [           main] com.omar.omar.OmarApplicationTests       : No active profile set, falling back to 1 default profile: "default"
2023-09-16T04:28:35.403-05:00  INFO 29516 --- [           main] .s.d.r.c.RepositoryConfigurationDelegate : Bootstrapping Spring Data JPA repositories in DEFAULT mode.
2023-09-16T04:28:35.471-05:00  INFO 29516 --- [           main] .s.d.r.c.RepositoryConfigurationDelegate : Finished Spring Data repository scanning in 59 ms. Found 3 JPA repository interfaces.
2023-09-16T04:28:36.064-05:00  INFO 29516 --- [           main] o.hibernate.jpa.internal.util.LogHelper  : HHH000204: Processing PersistenceUnitInfo [name: default]
2023-09-16T04:28:36.148-05:00  INFO 29516 --- [           main] org.hibernate.Version                    : HHH000412: Hibernate ORM core version 6.2.7.Final
2023-09-16T04:28:36.151-05:00  INFO 29516 --- [           main] org.hibernate.cfg.Environment            : HHH000406: Using bytecode reflection optimizer
2023-09-16T04:28:36.292-05:00  INFO 29516 --- [           main] o.h.b.i.BytecodeProviderInitiator        : HHH000021: Bytecode provider name : bytebuddy
2023-09-16T04:28:36.302-05:00  INFO 29516 --- [           main] o.s.o.j.p.SpringPersistenceUnitInfo      : No LoadTimeWeaver setup: ignoring JPA class transformer
2023-09-16T04:28:36.320-05:00  INFO 29516 --- [           main] com.zaxxer.hikari.HikariDataSource       : HikariPool-1 - Starting...
2023-09-16T04:28:37.902-05:00  INFO 29516 --- [           main] com.zaxxer.hikari.pool.HikariPool        : HikariPool-1 - Added connection com.mysql.cj.jdbc.ConnectionImpl@731ab49b
2023-09-16T04:28:37.918-05:00  INFO 29516 --- [           main] com.zaxxer.hikari.HikariDataSource       : HikariPool-1 - Start completed.
2023-09-16T04:28:38.089-05:00  WARN 29516 --- [           main] org.hibernate.orm.deprecation            : HHH90000026: MySQL57Dialect has been deprecated; use org.hibernate.dialect.MySQLDialect instead
2023-09-16T04:28:38.350-05:00  INFO 29516 --- [           main] o.h.b.i.BytecodeProviderInitiator        : HHH000021: Bytecode provider name : bytebuddy
2023-09-16T04:28:38.943-05:00  INFO 29516 --- [           main] o.h.e.t.j.p.i.JtaPlatformInitiator       : HHH000490: Using JtaPlatform implementation: [org.hibernate.engine.transaction.jta.platform.internal.NoJtaPlatform]
Hibernate: alter table account modify column initial_balance  float(53) not null
Hibernate: alter table moves modify column balance_available  float(53) not null
Hibernate: alter table moves modify column date  datetime(6)
Hibernate: alter table moves modify column value_move  float(53) not null
2023-09-16T04:28:41.295-05:00  INFO 29516 --- [           main] j.LocalContainerEntityManagerFactoryBean : Initialized JPA EntityManagerFactory for persistence unit 'default'
2023-09-16T04:28:41.979-05:00  INFO 29516 --- [           main] o.s.d.j.r.query.QueryEnhancerFactory     : Hibernate is in classpath; If applicable, HQL parser will be used.
2023-09-16T04:28:43.181-05:00  WARN 29516 --- [           main] JpaBaseConfiguration$JpaWebConfiguration : spring.jpa.open-in-view is enabled by default. Therefore, database queries may be performed during view rendering. Explicitly configure spring.jpa.open-in-view to disable this warning
2023-09-16T04:28:43.633-05:00  INFO 29516 --- [           main] com.omar.omar.OmarApplicationTests       : Started OmarApplicationTests in 9.481 seconds (process running for 12.091)
]]></system-out>
  </testcase>
</testsuite>